<?xml version="1.0" encoding="UTF-8"?>
<testsuite xmlns:xsi="http://www.w3.org/2001/XMLSchema-instance" xsi:noNamespaceSchemaLocation="https://maven.apache.org/surefire/maven-surefire-plugin/xsd/surefire-test-report.xsd" name="contracts.FBRSearchBetsContractTests" time="0.258" tests="2" errors="0" skipped="0" failures="0">
  <properties>
[...]
</properties>
  <testcase name="shouldProcessAccountWithoutBets2{MockServer}" classname="contracts.FBRSearchBetsContractTests" time="0.13"/>
  <testcase name="shouldProcessAccountWithoutBets{MockServer}" classname="contracts.FBRSearchBetsContractTests" time="0.126"/>
</testsuite>